<?xml version="1.0" encoding="UTF-8"?>
<testng-results skipped="0" failed="0" ignored="0" total="1" passed="1">
  <reporter-output>
  </reporter-output>
  <suite name="Default suite" duration-ms="17496" started-at="2019-04-23T05:56:59Z" finished-at="2019-04-23T05:57:16Z">
    <groups>
    </groups>
    <test name="Default test" duration-ms="17496" started-at="2019-04-23T05:56:59Z" finished-at="2019-04-23T05:57:16Z">
      <class name="testmavenwebdriver.TesTMeAppMouseHover">
        <test-method status="PASS" signature="beforeclass()[pri:0, instance:testmavenwebdriver.TesTMeAppMouseHover@3e6fa38a]" name="beforeclass" is-config="true" duration-ms="9063" started-at="2019-04-23T05:56:59Z" finished-at="2019-04-23T05:57:08Z">
          <reporter-output>
          </reporter-output>
        </test-method> <!-- beforeclass -->
        <test-method status="PASS" signature="hoverTest()[pri:0, instance:testmavenwebdriver.TesTMeAppMouseHover@3e6fa38a]" name="hoverTest" duration-ms="8396" started-at="2019-04-23T05:57:08Z" finished-at="2019-04-23T05:57:16Z">
          <reporter-output>
          </reporter-output>
        </test-method> <!-- hoverTest -->
        <test-method status="PASS" signature="afterclass()[pri:0, instance:testmavenwebdriver.TesTMeAppMouseHover@3e6fa38a]" name="afterclass" is-config="true" duration-ms="0" started-at="2019-04-23T05:57:16Z" finished-at="2019-04-23T05:57:16Z">
          <reporter-output>
          </reporter-output>
        </test-method> <!-- afterclass -->
      </class> <!-- testmavenwebdriver.TesTMeAppMouseHover -->
    </test> <!-- Default test -->
  </suite> <!-- Default suite -->
</testng-results>
